Build started 11/30/2015 11:43:41 AM.
     1>Project "C:\Users\Erkin SPU\documents\visual studio 2013\Projects\inClassWork3\inClassWork3\inClassWork3.vcxproj" on node 2 (Build target(s)).
     1>ClCompile:
         D:\Visual Studios\VC\bin\CL.exe /c /ZI /nologo /W3 /WX- /Od /Oy- /D WIN32 /D _DEBUG /D _CONSOLE /D _LIB /D _UNICODE /D UNICODE /Gm /EHsc /RTC1 /MDd /GS /fp:precise /Zc:wchar_t /Zc:forScope /Fo"Debug\\" /Fd"Debug\vc120.pdb" /Gd /TP /analyze- /errorReport:prompt Source1.cpp
         Source1.cpp
       Link:
         D:\Visual Studios\VC\bin\link.exe /ERRORREPORT:PROMPT /OUT:"C:\Users\Erkin SPU\documents\visual studio 2013\Projects\inClassWork3\Debug\inClassWork3.exe" /INCREMENTAL /NOLOGO kernel32.lib user32.lib gdi32.lib winspool.lib comdlg32.lib advapi32.lib shell32.lib ole32.lib oleaut32.lib uuid.lib odbc32.lib odbccp32.lib /MANIFEST /MANIFESTUAC:"level='asInvoker' uiAccess='false'" /manifest:embed /DEBUG /PDB:"C:\Users\Erkin SPU\documents\visual studio 2013\Projects\inClassWork3\Debug\inClassWork3.pdb" /SUBSYSTEM:CONSOLE /TLBID:1 /DYNAMICBASE /NXCOMPAT /IMPLIB:"C:\Users\Erkin SPU\documents\visual studio 2013\Projects\inClassWork3\Debug\inClassWork3.lib" /MACHINE:X86 Debug\Source.obj
         Debug\Source1.obj
     1>Source1.obj : error LNK2005: _main already defined in Source.obj
     1>C:\Users\Erkin SPU\documents\visual studio 2013\Projects\inClassWork3\Debug\inClassWork3.exe : fatal error LNK1169: one or more multiply defined symbols found
     1>Done Building Project "C:\Users\Erkin SPU\documents\visual studio 2013\Projects\inClassWork3\inClassWork3\inClassWork3.vcxproj" (Build target(s)) -- FAILED.

Build FAILED.

Time Elapsed 00:00:00.97
